# JRE version: OpenJDK Runtime Environment (Zulu 8.86.0.25-CA-win64) (8.0_452-b09) (build 1.8.0_452-b09)
# Java VM: OpenJDK 64-Bit Server VM (25.452-b09 mixed mode windows-amd64 compressed oops)
Heap:
 PSYoungGen      total 302080K, used 61700K [0x0000000780000000, 0x0000000793c00000, 0x00000007c0000000)
  eden space 282624K, 14% used [0x0000000780000000,0x00000007829426a0,0x0000000791400000)
  from space 19456K, 99% used [0x0000000791600000,0x00000007928feab8,0x0000000792900000)
  to   space 16384K, 0% used [0x0000000792c00000,0x0000000792c00000,0x0000000793c00000)
 ParOldGen       total 119296K, used 32902K [0x0000000700000000, 0x0000000707480000, 0x0000000780000000)
  object space 119296K, 27% used [0x0000000700000000,0x0000000702021998,0x0000000707480000)
 Metaspace       used 67238K, capacity 72319K, committed 72664K, reserved 1118208K
  class space    used 9558K, capacity 10414K, committed 10496K, reserved 1048576K
GC Heap History (10 events):
Event: 71.132 GC heap before
{Heap before GC invocations=10 (full 2):
 PSYoungGen      total 231936K, used 8411K [0x0000000780000000, 0x000000078f980000, 0x00000007c0000000)
  eden space 219136K, 0% used [0x0000000780000000,0x0000000780000000,0x000000078d600000)
  from space 12800K, 65% used [0x000000078e280000,0x000000078eab6f08,0x000000078ef00000)
  to   space 12800K, 0% used [0x000000078d600000,0x000000078d600000,0x000000078e280000)
 ParOldGen       total 58368K, used 9730K [0x0000000700000000, 0x0000000703900000, 0x0000000780000000)
  object space 58368K, 16% used [0x0000000700000000,0x00000007009808b0,0x0000000703900000)
 Metaspace       used 33556K, capacity 35252K, committed 35456K, reserved 1079296K
  class space    used 4823K, capacity 5151K, committed 5248K, reserved 1048576K
Event: 71.752 GC heap after
Heap after GC invocations=10 (full 2):
 PSYoungGen      total 231936K, used 0K [0x0000000780000000, 0x000000078f980000, 0x00000007c0000000)
  eden space 219136K, 0% used [0x0000000780000000,0x0000000780000000,0x000000078d600000)
  from space 12800K, 0% used [0x000000078e280000,0x000000078e280000,0x000000078ef00000)
  to   space 12800K, 0% used [0x000000078d600000,0x000000078d600000,0x000000078e280000)
 ParOldGen       total 81920K, used 15284K [0x0000000700000000, 0x0000000705000000, 0x0000000780000000)
  object space 81920K, 18% used [0x0000000700000000,0x0000000700eed038,0x0000000705000000)
 Metaspace       used 33556K, capacity 35252K, committed 35456K, reserved 1079296K
  class space    used 4823K, capacity 5151K, committed 5248K, reserved 1048576K
}
Event: 106.161 GC heap before
{Heap before GC invocations=11 (full 2):
 PSYoungGen      total 231936K, used 219136K [0x0000000780000000, 0x000000078f980000, 0x00000007c0000000)
  eden space 219136K, 100% used [0x0000000780000000,0x000000078d600000,0x000000078d600000)
  from space 12800K, 0% used [0x000000078e280000,0x000000078e280000,0x000000078ef00000)
  to   space 12800K, 0% used [0x000000078d600000,0x000000078d600000,0x000000078e280000)
 ParOldGen       total 81920K, used 15284K [0x0000000700000000, 0x0000000705000000, 0x0000000780000000)
  object space 81920K, 18% used [0x0000000700000000,0x0000000700eed038,0x0000000705000000)
 Metaspace       used 45015K, capacity 47718K, committed 48000K, reserved 1089536K
  class space    used 6432K, capacity 6942K, committed 7040K, reserved 1048576K
Event: 106.279 GC heap after
Heap after GC invocations=11 (full 2):
 PSYoungGen      total 231936K, used 12780K [0x0000000780000000, 0x0000000793c00000, 0x00000007c0000000)
  eden space 219136K, 0% used [0x0000000780000000,0x0000000780000000,0x000000078d600000)
  from space 12800K, 99% used [0x000000078d600000,0x000000078e27b110,0x000000078e280000)
  to   space 16384K, 0% used [0x0000000792c00000,0x0000000792c00000,0x0000000793c00000)
 ParOldGen       total 81920K, used 19811K [0x0000000700000000, 0x0000000705000000, 0x0000000780000000)
  object space 81920K, 24% used [0x0000000700000000,0x0000000701358e08,0x0000000705000000)
 Metaspace       used 45015K, capacity 47718K, committed 48000K, reserved 1089536K
  class space    used 6432K, capacity 6942K, committed 7040K, reserved 1048576K
}
Event: 125.029 GC heap before
{Heap before GC invocations=12 (full 2):
 PSYoungGen      total 231936K, used 149124K [0x0000000780000000, 0x0000000793c00000, 0x00000007c0000000)
  eden space 219136K, 62% used [0x0000000780000000,0x0000000788525f90,0x000000078d600000)
  from space 12800K, 99% used [0x000000078d600000,0x000000078e27b110,0x000000078e280000)
  to   space 16384K, 0% used [0x0000000792c00000,0x0000000792c00000,0x0000000793c00000)
 ParOldGen       total 81920K, used 19811K [0x0000000700000000, 0x0000000705000000, 0x0000000780000000)
  object space 81920K, 24% used [0x0000000700000000,0x0000000701358e08,0x0000000705000000)
 Metaspace       used 55668K, capacity 59042K, committed 59096K, reserved 1099776K
  class space    used 7843K, capacity 8438K, committed 8448K, reserved 1048576K
Event: 125.063 GC heap after
Heap after GC invocations=12 (full 2):
 PSYoungGen      total 299008K, used 16381K [0x0000000780000000, 0x0000000793c00000, 0x00000007c0000000)
  eden space 282624K, 0% used [0x0000000780000000,0x0000000780000000,0x0000000791400000)
  from space 16384K, 99% used [0x0000000792c00000,0x0000000793bff530,0x0000000793c00000)
  to   space 19456K, 0% used [0x0000000791600000,0x0000000791600000,0x0000000792900000)
 ParOldGen       total 81920K, used 22058K [0x0000000700000000, 0x0000000705000000, 0x0000000780000000)
  object space 81920K, 26% used [0x0000000700000000,0x000000070158ab40,0x0000000705000000)
 Metaspace       used 55668K, capacity 59042K, committed 59096K, reserved 1099776K
  class space    used 7843K, capacity 8438K, committed 8448K, reserved 1048576K
}
Event: 125.063 GC heap before
{Heap before GC invocations=13 (full 3):
 PSYoungGen      total 299008K, used 16381K [0x0000000780000000, 0x0000000793c00000, 0x00000007c0000000)
  eden space 282624K, 0% used [0x0000000780000000,0x0000000780000000,0x0000000791400000)
  from space 16384K, 99% used [0x0000000792c00000,0x0000000793bff530,0x0000000793c00000)
  to   space 19456K, 0% used [0x0000000791600000,0x0000000791600000,0x0000000792900000)
 ParOldGen       total 81920K, used 22058K [0x0000000700000000, 0x0000000705000000, 0x0000000780000000)
  object space 81920K, 26% used [0x0000000700000000,0x000000070158ab40,0x0000000705000000)
 Metaspace       used 55668K, capacity 59042K, committed 59096K, reserved 1099776K
  class space    used 7843K, capacity 8438K, committed 8448K, reserved 1048576K
Event: 126.034 GC heap after
Heap after GC invocations=13 (full 3):
 PSYoungGen      total 299008K, used 0K [0x0000000780000000, 0x0000000793c00000, 0x00000007c0000000)
  eden space 282624K, 0% used [0x0000000780000000,0x0000000780000000,0x0000000791400000)
  from space 16384K, 0% used [0x0000000792c00000,0x0000000792c00000,0x0000000793c00000)
  to   space 19456K, 0% used [0x0000000791600000,0x0000000791600000,0x0000000792900000)
 ParOldGen       total 119296K, used 30693K [0x0000000700000000, 0x0000000707480000, 0x0000000780000000)
  object space 119296K, 25% used [0x0000000700000000,0x0000000701df9568,0x0000000707480000)
 Metaspace       used 55641K, capacity 58928K, committed 59096K, reserved 1099776K
  class space    used 7835K, capacity 8404K, committed 8448K, reserved 1048576K
}
Event: 152.369 GC heap before
{Heap before GC invocations=14 (full 3):
 PSYoungGen      total 299008K, used 282624K [0x0000000780000000, 0x0000000793c00000, 0x00000007c0000000)
  eden space 282624K, 100% used [0x0000000780000000,0x0000000791400000,0x0000000791400000)
  from space 16384K, 0% used [0x0000000792c00000,0x0000000792c00000,0x0000000793c00000)
  to   space 19456K, 0% used [0x0000000791600000,0x0000000791600000,0x0000000792900000)
 ParOldGen       total 119296K, used 30693K [0x0000000700000000, 0x0000000707480000, 0x0000000780000000)
  object space 119296K, 25% used [0x0000000700000000,0x0000000701df9568,0x0000000707480000)
 Metaspace       used 65763K, capacity 70650K, committed 70872K, reserved 1110016K
  class space    used 9388K, capacity 10184K, committed 10240K, reserved 1048576K
Event: 152.461 GC heap after
Heap after GC invocations=14 (full 3):
 PSYoungGen      total 302080K, used 19450K [0x0000000780000000, 0x0000000793c00000, 0x00000007c0000000)
  eden space 282624K, 0% used [0x0000000780000000,0x0000000780000000,0x0000000791400000)
  from space 19456K, 99% used [0x0000000791600000,0x00000007928feab8,0x0000000792900000)
  to   space 16384K, 0% used [0x0000000792c00000,0x0000000792c00000,0x0000000793c00000)
 ParOldGen       total 119296K, used 32902K [0x0000000700000000, 0x0000000707480000, 0x0000000780000000)
  object space 119296K, 27% used [0x0000000700000000,0x0000000702021998,0x0000000707480000)
 Metaspace       used 65763K, capacity 70650K, committed 70872K, reserved 1110016K
  class space    used 9388K, capacity 10184K, committed 10240K, reserved 1048576K
}

